TN:
SF:src/app.ts
FN:5,createApp
FN:12,(anonymous_2)
FN:17,(anonymous_3)
FN:29,(anonymous_4)
FN:54,(anonymous_5)
FNF:5
FNH:4
FNDA:1,createApp
FNDA:1,(anonymous_2)
FNDA:1,(anonymous_3)
FNDA:4,(anonymous_4)
FNDA:0,(anonymous_5)
DA:1,1
DA:5,1
DA:6,1
DA:9,1
DA:12,1
DA:13,1
DA:17,1
DA:18,1
DA:19,1
DA:20,1
DA:22,0
DA:27,1
DA:30,4
DA:31,4
DA:34,4
DA:35,1
DA:39,1
DA:42,3
DA:43,3
DA:48,0
DA:54,1
DA:55,0
DA:56,0
DA:63,1
LF:24
LH:20
BRDA:34,0,0,1
BRDA:34,1,0,4
BRDA:34,1,1,3
BRF:3
BRH:3
end_of_record
TN:
SF:src/db.ts
FN:15,(anonymous_1)
FN:16,(anonymous_2)
FN:30,(anonymous_3)
FN:38,(anonymous_4)
FN:48,(anonymous_5)
FN:49,(anonymous_6)
FN:62,(anonymous_7)
FN:64,(anonymous_8)
FN:65,(anonymous_9)
FN:73,(anonymous_10)
FN:75,(anonymous_11)
FN:76,(anonymous_12)
FN:84,(anonymous_13)
FN:85,(anonymous_14)
FN:86,(anonymous_15)
FNF:15
FNH:15
FNDA:4,(anonymous_1)
FNDA:4,(anonymous_2)
FNDA:4,(anonymous_3)
FNDA:4,(anonymous_4)
FNDA:4,(anonymous_5)
FNDA:4,(anonymous_6)
FNDA:3,(anonymous_7)
FNDA:3,(anonymous_8)
FNDA:3,(anonymous_9)
FNDA:7,(anonymous_10)
FNDA:7,(anonymous_11)
FNDA:7,(anonymous_12)
FNDA:4,(anonymous_13)
FNDA:4,(anonymous_14)
FNDA:4,(anonymous_15)
DA:1,2
DA:10,2
DA:16,4
DA:17,4
DA:18,0
DA:19,0
DA:21,4
DA:25,4
DA:31,4
DA:32,4
DA:33,4
DA:39,4
DA:48,4
DA:49,4
DA:50,4
DA:51,0
DA:52,0
DA:54,4
DA:55,4
DA:63,3
DA:64,3
DA:65,3
DA:66,3
DA:67,3
DA:74,7
DA:75,7
DA:76,7
DA:77,7
DA:78,7
DA:85,4
DA:86,4
DA:87,4
DA:88,4
LF:33
LH:29
BRDA:17,0,0,0
BRDA:50,1,0,0
BRDA:50,1,1,4
BRDA:66,2,0,0
BRDA:66,2,1,3
BRDA:76,3,0,7
BRDA:76,3,1,1
BRDA:77,4,0,0
BRDA:77,4,1,7
BRDA:87,5,0,0
BRDA:87,5,1,4
BRF:11
BRH:6
end_of_record
